<?xml version="1.0" encoding="UTF-8"?>
<!-- Generated by org.testng.reporters.JUnitXMLReporter -->
<testsuite hostname="DESKTOP-OSM92AT" ignored="4" name="FirefoxTest" tests="2" failures="0" timestamp="2022-11-06T13:25:34 IST" time="168.612" errors="0">
  <testcase name="actiLogin" time="29.544" classname="testng_programs.p12"/>
  <testcase name="fbLogin" time="11.534" classname="testng_programs.p13"/>
  <testcase name="@BeforeTest beforetest" time="0.0" classname="testng_programs.BaseTest3">
    <ignored/>
  </testcase> <!-- @BeforeTest beforetest -->
  <testcase name="@AfterTest aftertest" time="0.0" classname="testng_programs.BaseTest3">
    <ignored/>
  </testcase> <!-- @AfterTest aftertest -->
  <testcase name="@AfterSuite aftersuite" time="0.0" classname="testng_programs.BaseTest3">
    <ignored/>
  </testcase> <!-- @AfterSuite aftersuite -->
  <testcase name="@BeforeSuite beforesuite" time="0.0" classname="testng_programs.BaseTest3">
    <ignored/>
  </testcase> <!-- @BeforeSuite beforesuite -->
</testsuite> <!-- FirefoxTest -->
