<?xml version="1.0" encoding="UTF-8"?>
<!-- Generated by org.testng.reporters.JUnitXMLReporter -->
<testsuite hostname="DESKTOP-OSM92AT" ignored="0" name="Test" tests="4" failures="1" timestamp="2022-11-04T15:21:52 IST" time="0.156" errors="0">
  <testcase name="testFourA" time="0.02" classname="TYS_TestNg_Batch.ClassFour"/>
  <testcase name="testFourB" time="0.008" classname="TYS_TestNg_Batch.ClassFour">
    <failure type="java.lang.AssertionError" message="expected [true] but found [false]">
      <![CDATA[java.lang.AssertionError: expected [true] but found [false]
at TYS_TestNg_Batch.ClassFour.testFourB(ClassFour.java:26)
at java.util.ArrayList.forEach(Unknown Source)
... Removed 31 stack frames]]>
    </failure>
  </testcase> <!-- testFourB -->
  <testcase name="testFourC" time="0.004" classname="TYS_TestNg_Batch.ClassFour"/>
  <testcase name="testfourD" time="0.005" classname="TYS_TestNg_Batch.ClassFour"/>
</testsuite> <!-- Test -->
